<?xml version="1.0" encoding="UTF-8"?>
<testsuite name="com.virtusa.training.stockmarketapi.StockMarketApiApplicationTests" tests="1" skipped="0" failures="0" errors="0" timestamp="2020-12-09T04:09:45" hostname="WTLPPATWARI" time="0.225">
  <properties/>
  <testcase name="contextLoads()" classname="com.virtusa.training.stockmarketapi.StockMarketApiApplicationTests" time="0.225"/>
  <system-out><![CDATA[09:39:42.428 [Test worker] DEBUG org.springframework.test.context.BootstrapUtils - Instantiating CacheAwareContextLoaderDelegate from class [org.springframework.test.context.cache.DefaultCacheAwareContextLoaderDelegate]
09:39:42.452 [Test worker] DEBUG org.springframework.test.context.BootstrapUtils - Instantiating BootstrapContext using constructor [public org.springframework.test.context.support.DefaultBootstrapContext(java.lang.Class,org.springframework.test.context.CacheAwareContextLoaderDelegate)]
09:39:42.497 [Test worker] DEBUG org.springframework.test.context.BootstrapUtils - Instantiating TestContextBootstrapper for test class [com.virtusa.training.stockmarketapi.StockMarketApiApplicationTests] from class [org.springframework.boot.test.context.SpringBootTestContextBootstrapper]
09:39:42.516 [Test worker] INFO org.springframework.boot.test.context.SpringBootTestContextBootstrapper - Neither @ContextConfiguration nor @ContextHierarchy found for test class [com.virtusa.training.stockmarketapi.StockMarketApiApplicationTests], using SpringBootContextLoader
09:39:42.517 [Test worker] DEBUG org.springframework.test.context.support.AbstractContextLoader - Did not detect default resource location for test class [com.virtusa.training.stockmarketapi.StockMarketApiApplicationTests]: class path resource [com/virtusa/training/stockmarketapi/StockMarketApiApplicationTests-context.xml] does not exist
09:39:42.517 [Test worker] DEBUG org.springframework.test.context.support.AbstractContextLoader - Did not detect default resource location for test class [com.virtusa.training.stockmarketapi.StockMarketApiApplicationTests]: class path resource [com/virtusa/training/stockmarketapi/StockMarketApiApplicationTestsContext.groovy] does not exist
09:39:42.522 [Test worker] INFO org.springframework.test.context.support.AbstractContextLoader - Could not detect default resource locations for test class [com.virtusa.training.stockmarketapi.StockMarketApiApplicationTests]: no resource found for suffixes {-context.xml, Context.groovy}.
09:39:42.522 [Test worker] INFO org.springframework.test.context.support.AnnotationConfigContextLoaderUtils - Could not detect default configuration classes for test class [com.virtusa.training.stockmarketapi.StockMarketApiApplicationTests]: StockMarketApiApplicationTests does not declare any static, non-private, non-final, nested classes annotated with @Configuration.
09:39:42.579 [Test worker] DEBUG org.springframework.test.context.support.ActiveProfilesUtils - Could not find an 'annotation declaring class' for annotation type [org.springframework.test.context.ActiveProfiles] and class [com.virtusa.training.stockmarketapi.StockMarketApiApplicationTests]
09:39:42.669 [Test worker] DEBUG org.springframework.context.annotation.ClassPathScanningCandidateComponentProvider - Identified candidate component class: file [C:\Virtusa_Project\stock_market_api\stock-market-api\build\classes\kotlin\main\com\virtusa\training\stockmarketapi\StockMarketApiApplication.class]
09:39:42.682 [Test worker] INFO org.springframework.boot.test.context.SpringBootTestContextBootstrapper - Found @SpringBootConfiguration com.virtusa.training.stockmarketapi.StockMarketApiApplication for test class com.virtusa.training.stockmarketapi.StockMarketApiApplicationTests
09:39:42.822 [Test worker] DEBUG org.springframework.boot.test.context.SpringBootTestContextBootstrapper - @TestExecutionListeners is not present for class [com.virtusa.training.stockmarketapi.StockMarketApiApplicationTests]: using defaults.
09:39:42.823 [Test worker] INFO org.springframework.boot.test.context.SpringBootTestContextBootstrapper - Loaded default TestExecutionListener class names from location [META-INF/spring.factories]: [org.springframework.boot.test.autoconfigure.restdocs.RestDocsTestExecutionListener, org.springframework.boot.test.autoconfigure.web.client.MockRestServiceServerResetTestExecutionListener, org.springframework.boot.test.autoconfigure.web.servlet.MockMvcPrintOnlyOnFailureTestExecutionListener, org.springframework.boot.test.autoconfigure.web.servlet.WebDriverTestExecutionListener, org.springframework.boot.test.autoconfigure.webservices.client.MockWebServiceServerTestExecutionListener, org.springframework.boot.test.mock.mockito.MockitoTestExecutionListener, org.springframework.boot.test.mock.mockito.ResetMocksTestExecutionListener, org.springframework.test.context.web.ServletTestExecutionListener, org.springframework.test.context.support.DirtiesContextBeforeModesTestExecutionListener, org.springframework.test.context.support.DependencyInjectionTestExecutionListener, org.springframework.test.context.support.DirtiesContextTestExecutionListener, org.springframework.test.context.transaction.TransactionalTestExecutionListener, org.springframework.test.context.jdbc.SqlScriptsTestExecutionListener, org.springframework.test.context.event.EventPublishingTestExecutionListener]
09:39:42.837 [Test worker] DEBUG org.springframework.boot.test.context.SpringBootTestContextBootstrapper - Skipping candidate TestExecutionListener [org.springframework.test.context.web.ServletTestExecutionListener] due to a missing dependency. Specify custom listener classes or make the default listener classes and their required dependencies available. Offending class: [javax/servlet/ServletContext]
09:39:42.840 [Test worker] DEBUG org.springframework.boot.test.context.SpringBootTestContextBootstrapper - Skipping candidate TestExecutionListener [org.springframework.test.context.transaction.TransactionalTestExecutionListener] due to a missing dependency. Specify custom listener classes or make the default listener classes and their required dependencies available. Offending class: [org/springframework/transaction/interceptor/TransactionAttributeSource]
09:39:42.841 [Test worker] DEBUG org.springframework.boot.test.context.SpringBootTestContextBootstrapper - Skipping candidate TestExecutionListener [org.springframework.test.context.jdbc.SqlScriptsTestExecutionListener] due to a missing dependency. Specify custom listener classes or make the default listener classes and their required dependencies available. Offending class: [org/springframework/transaction/interceptor/TransactionAttribute]
09:39:42.842 [Test worker] INFO org.springframework.boot.test.context.SpringBootTestContextBootstrapper - Using TestExecutionListeners: [org.springframework.test.context.support.DirtiesContextBeforeModesTestExecutionListener@4f86fbfa, org.springframework.boot.test.mock.mockito.MockitoTestExecutionListener@173f3b73, org.springframework.boot.test.autoconfigure.SpringBootDependencyInjectionTestExecutionListener@671a5040, org.springframework.test.context.support.DirtiesContextTestExecutionListener@3ba7b951, org.springframework.test.context.event.EventPublishingTestExecutionListener@4306ccf4, org.springframework.boot.test.autoconfigure.restdocs.RestDocsTestExecutionListener@2d8c9344, org.springframework.boot.test.autoconfigure.web.client.MockRestServiceServerResetTestExecutionListener@18a14ee5, org.springframework.boot.test.autoconfigure.web.servlet.MockMvcPrintOnlyOnFailureTestExecutionListener@1eca1191, org.springframework.boot.test.autoconfigure.web.servlet.WebDriverTestExecutionListener@6b5e1fd0, org.springframework.boot.test.autoconfigure.webservices.client.MockWebServiceServerTestExecutionListener@2281a74c, org.springframework.boot.test.mock.mockito.ResetMocksTestExecutionListener@3045139f]
09:39:42.847 [Test worker] DEBUG org.springframework.test.context.support.AbstractDirtiesContextTestExecutionListener - Before test class: context [DefaultTestContext@3ab77807 testClass = StockMarketApiApplicationTests, testInstance = [null], testMethod = [null], testException = [null], mergedContextConfiguration = [ReactiveWebMergedContextConfiguration@420ecfdf testClass = StockMarketApiApplicationTests, locations = '{}', classes = '{class com.virtusa.training.stockmarketapi.StockMarketApiApplication}', contextInitializerClasses = '[]', activeProfiles = '{}', propertySourceLocations = '{}', propertySourceProperties = '{org.springframework.boot.test.context.SpringBootTestContextBootstrapper=true}', contextCustomizers = set[org.springframework.boot.test.autoconfigure.actuate.metrics.MetricsExportContextCustomizerFactory$DisableMetricExportContextCustomizer@67278c43, org.springframework.boot.test.autoconfigure.properties.PropertyMappingContextCustomizer@0, org.springframework.boot.test.autoconfigure.web.servlet.WebDriverContextCustomizerFactory$Customizer@4ee3fcd2, org.springframework.boot.test.context.filter.ExcludeFilterContextCustomizer@3204464e, org.springframework.boot.test.json.DuplicateJsonObjectContextCustomizerFactory$DuplicateJsonObjectContextCustomizer@419ba64e, org.springframework.boot.test.mock.mockito.MockitoContextCustomizer@0, org.springframework.boot.test.web.client.TestRestTemplateContextCustomizer@2cb6108f, org.springframework.boot.test.web.reactive.server.WebTestClientContextCustomizer@3addbca, org.springframework.boot.test.context.SpringBootTestArgs@1, org.springframework.boot.test.context.SpringBootTestWebEnvironment@223adb4a], contextLoader = 'org.springframework.boot.test.context.SpringBootContextLoader', parent = [null]], attributes = map[[empty]]], class annotated with @DirtiesContext [false] with mode [null].
09:39:42.858 [Test worker] DEBUG org.springframework.test.context.support.DependencyInjectionTestExecutionListener - Performing dependency injection for test context [[DefaultTestContext@3ab77807 testClass = StockMarketApiApplicationTests, testInstance = com.virtusa.training.stockmarketapi.StockMarketApiApplicationTests@52df789, testMethod = [null], testException = [null], mergedContextConfiguration = [ReactiveWebMergedContextConfiguration@420ecfdf testClass = StockMarketApiApplicationTests, locations = '{}', classes = '{class com.virtusa.training.stockmarketapi.StockMarketApiApplication}', contextInitializerClasses = '[]', activeProfiles = '{}', propertySourceLocations = '{}', propertySourceProperties = '{org.springframework.boot.test.context.SpringBootTestContextBootstrapper=true}', contextCustomizers = set[org.springframework.boot.test.autoconfigure.actuate.metrics.MetricsExportContextCustomizerFactory$DisableMetricExportContextCustomizer@67278c43, org.springframework.boot.test.autoconfigure.properties.PropertyMappingContextCustomizer@0, org.springframework.boot.test.autoconfigure.web.servlet.WebDriverContextCustomizerFactory$Customizer@4ee3fcd2, org.springframework.boot.test.context.filter.ExcludeFilterContextCustomizer@3204464e, org.springframework.boot.test.json.DuplicateJsonObjectContextCustomizerFactory$DuplicateJsonObjectContextCustomizer@419ba64e, org.springframework.boot.test.mock.mockito.MockitoContextCustomizer@0, org.springframework.boot.test.web.client.TestRestTemplateContextCustomizer@2cb6108f, org.springframework.boot.test.web.reactive.server.WebTestClientContextCustomizer@3addbca, org.springframework.boot.test.context.SpringBootTestArgs@1, org.springframework.boot.test.context.SpringBootTestWebEnvironment@223adb4a], contextLoader = 'org.springframework.boot.test.context.SpringBootContextLoader', parent = [null]], attributes = map[[empty]]]].
09:39:42.890 [Test worker] DEBUG org.springframework.test.context.support.TestPropertySourceUtils - Adding inlined properties to environment: {spring.jmx.enabled=false, org.springframework.boot.test.context.SpringBootTestContextBootstrapper=true}

  .   ____          _            __ _ _
 /\\ / ___'_ __ _ _(_)_ __  __ _ \ \ \ \
( ( )\___ | '_ | '_| | '_ \/ _` | \ \ \ \
 \\/  ___)| |_)| | | | | || (_| |  ) ) ) )
  '  |____| .__|_| |_|_| |_\__, | / / / /
 =========|_|==============|___/=/_/_/_/
 :: Spring Boot ::                (v2.4.0)

2020-12-09 09:39:43.187  INFO 15200 --- [    Test worker] c.v.t.s.StockMarketApiApplicationTests   : Starting StockMarketApiApplicationTests using Java 1.8.0_251 on WTLPPATWARI with PID 15200 (started by ppatwari in C:\Virtusa_Project\stock_market_api\stock-market-api)
2020-12-09 09:39:43.190  INFO 15200 --- [    Test worker] c.v.t.s.StockMarketApiApplicationTests   : No active profile set, falling back to default profiles: default
2020-12-09 09:39:43.482  WARN 15200 --- [kground-preinit] o.s.h.c.j.Jackson2ObjectMapperBuilder    : For Jackson Kotlin classes support please add "com.fasterxml.jackson.module:jackson-module-kotlin" to the classpath
2020-12-09 09:39:45.518  INFO 15200 --- [    Test worker] c.v.t.s.StockMarketApiApplicationTests   : Started StockMarketApiApplicationTests in 2.614 seconds (JVM running for 4.552)
]]></system-out>
  <system-err><![CDATA[]]></system-err>
</testsuite>
